{"C:\\Users\\LENOVO\\Documents\\GitHub\\image-processor\\src\\imageProcessor.ts": {"path":"C:\\Users\\LENOVO\\Documents\\GitHub\\image-processor\\src\\imageProcessor.ts","all":false,"statementMap":{"0":{"start":{"line":1,"column":0},"end":{"line":1,"column":70}},"1":{"start":{"line":2,"column":0},"end":{"line":2,"column":62}},"2":{"start":{"line":3,"column":0},"end":{"line":3,"column":76}},"3":{"start":{"line":4,"column":0},"end":{"line":4,"column":70}},"4":{"start":{"line":5,"column":0},"end":{"line":5,"column":84}},"5":{"start":{"line":6,"column":0},"end":{"line":6,"column":52}},"6":{"start":{"line":7,"column":0},"end":{"line":7,"column":0}},"7":{"start":{"line":8,"column":0},"end":{"line":8,"column":29}},"8":{"start":{"line":9,"column":0},"end":{"line":9,"column":13}},"9":{"start":{"line":10,"column":0},"end":{"line":10,"column":57}},"10":{"start":{"line":11,"column":0},"end":{"line":11,"column":48}},"11":{"start":{"line":12,"column":0},"end":{"line":12,"column":5}},"12":{"start":{"line":13,"column":0},"end":{"line":13,"column":89}},"13":{"start":{"line":14,"column":0},"end":{"line":14,"column":31}},"14":{"start":{"line":15,"column":0},"end":{"line":15,"column":65}},"15":{"start":{"line":16,"column":0},"end":{"line":16,"column":58}},"16":{"start":{"line":17,"column":0},"end":{"line":17,"column":2}},"17":{"start":{"line":18,"column":0},"end":{"line":18,"column":0}},"18":{"start":{"line":19,"column":0},"end":{"line":19,"column":49}},"19":{"start":{"line":20,"column":0},"end":{"line":20,"column":59}},"20":{"start":{"line":21,"column":0},"end":{"line":21,"column":22}},"21":{"start":{"line":22,"column":0},"end":{"line":22,"column":71}},"22":{"start":{"line":23,"column":0},"end":{"line":23,"column":3}},"23":{"start":{"line":24,"column":0},"end":{"line":24,"column":2}},"24":{"start":{"line":25,"column":0},"end":{"line":25,"column":0}},"25":{"start":{"line":26,"column":0},"end":{"line":26,"column":65}},"26":{"start":{"line":27,"column":0},"end":{"line":27,"column":7}},"27":{"start":{"line":28,"column":0},"end":{"line":28,"column":67}},"28":{"start":{"line":29,"column":0},"end":{"line":29,"column":19}},"29":{"start":{"line":30,"column":0},"end":{"line":30,"column":51}},"30":{"start":{"line":31,"column":0},"end":{"line":31,"column":65}},"31":{"start":{"line":32,"column":0},"end":{"line":32,"column":11}},"32":{"start":{"line":33,"column":0},"end":{"line":33,"column":64}},"33":{"start":{"line":34,"column":0},"end":{"line":34,"column":4}},"34":{"start":{"line":35,"column":0},"end":{"line":35,"column":3}},"35":{"start":{"line":36,"column":0},"end":{"line":36,"column":2}},"36":{"start":{"line":37,"column":0},"end":{"line":37,"column":0}},"37":{"start":{"line":38,"column":0},"end":{"line":38,"column":93}},"38":{"start":{"line":39,"column":0},"end":{"line":39,"column":7}},"39":{"start":{"line":40,"column":0},"end":{"line":40,"column":78}},"40":{"start":{"line":41,"column":0},"end":{"line":41,"column":19}},"41":{"start":{"line":42,"column":0},"end":{"line":42,"column":55}},"42":{"start":{"line":43,"column":0},"end":{"line":43,"column":69}},"43":{"start":{"line":44,"column":0},"end":{"line":44,"column":11}},"44":{"start":{"line":45,"column":0},"end":{"line":45,"column":64}},"45":{"start":{"line":46,"column":0},"end":{"line":46,"column":4}},"46":{"start":{"line":47,"column":0},"end":{"line":47,"column":3}},"47":{"start":{"line":48,"column":0},"end":{"line":48,"column":2}},"48":{"start":{"line":49,"column":0},"end":{"line":49,"column":1}}},"s":{"0":1,"1":1,"2":1,"3":1,"4":1,"5":1,"6":1,"7":1,"8":1,"9":6,"10":6,"11":6,"12":1,"13":6,"14":6,"15":3,"16":1,"17":1,"18":1,"19":6,"20":6,"21":1,"22":1,"23":6,"24":1,"25":1,"26":5,"27":5,"28":5,"29":2,"30":1,"31":1,"32":1,"33":1,"34":2,"35":5,"36":1,"37":1,"38":3,"39":3,"40":3,"41":2,"42":1,"43":1,"44":1,"45":1,"46":2,"47":3,"48":1},"branchMap":{"0":{"type":"branch","line":9,"loc":{"start":{"line":9,"column":1},"end":{"line":12,"column":5}},"locations":[{"start":{"line":9,"column":1},"end":{"line":12,"column":5}}]},"1":{"type":"branch","line":13,"loc":{"start":{"line":13,"column":14},"end":{"line":17,"column":2}},"locations":[{"start":{"line":13,"column":14},"end":{"line":17,"column":2}}]},"2":{"type":"branch","line":16,"loc":{"start":{"line":16,"column":-2},"end":{"line":16,"column":58}},"locations":[{"start":{"line":16,"column":-2},"end":{"line":16,"column":58}}]},"3":{"type":"branch","line":17,"loc":{"start":{"line":17,"column":-2},"end":{"line":17,"column":2}},"locations":[{"start":{"line":17,"column":-2},"end":{"line":17,"column":2}}]},"4":{"type":"branch","line":19,"loc":{"start":{"line":19,"column":9},"end":{"line":24,"column":2}},"locations":[{"start":{"line":19,"column":9},"end":{"line":24,"column":2}}]},"5":{"type":"branch","line":21,"loc":{"start":{"line":21,"column":21},"end":{"line":23,"column":3}},"locations":[{"start":{"line":21,"column":21},"end":{"line":23,"column":3}}]},"6":{"type":"branch","line":26,"loc":{"start":{"line":26,"column":15},"end":{"line":36,"column":2}},"locations":[{"start":{"line":26,"column":15},"end":{"line":36,"column":2}}]},"7":{"type":"branch","line":29,"loc":{"start":{"line":29,"column":4},"end":{"line":35,"column":3}},"locations":[{"start":{"line":29,"column":4},"end":{"line":35,"column":3}}]},"8":{"type":"branch","line":30,"loc":{"start":{"line":30,"column":50},"end":{"line":34,"column":4}},"locations":[{"start":{"line":30,"column":50},"end":{"line":34,"column":4}}]},"9":{"type":"branch","line":38,"loc":{"start":{"line":38,"column":15},"end":{"line":48,"column":2}},"locations":[{"start":{"line":38,"column":15},"end":{"line":48,"column":2}}]},"10":{"type":"branch","line":41,"loc":{"start":{"line":41,"column":-2},"end":{"line":41,"column":11}},"locations":[{"start":{"line":41,"column":-2},"end":{"line":41,"column":11}}]},"11":{"type":"branch","line":41,"loc":{"start":{"line":41,"column":4},"end":{"line":47,"column":3}},"locations":[{"start":{"line":41,"column":4},"end":{"line":47,"column":3}}]},"12":{"type":"branch","line":42,"loc":{"start":{"line":42,"column":54},"end":{"line":46,"column":4}},"locations":[{"start":{"line":42,"column":54},"end":{"line":46,"column":4}}]}},"b":{"0":[6],"1":[6],"2":[3],"3":[1],"4":[6],"5":[1],"6":[5],"7":[2],"8":[1],"9":[3],"10":[1],"11":[2],"12":[1]},"fnMap":{"0":{"name":"ImageProcessor","decl":{"start":{"line":9,"column":1},"end":{"line":12,"column":5}},"loc":{"start":{"line":9,"column":1},"end":{"line":12,"column":5}},"line":9},"1":{"name":"processAndSaveImage","decl":{"start":{"line":13,"column":14},"end":{"line":17,"column":2}},"loc":{"start":{"line":13,"column":14},"end":{"line":17,"column":2}},"line":13},"2":{"name":"validateImage","decl":{"start":{"line":19,"column":9},"end":{"line":24,"column":2}},"loc":{"start":{"line":19,"column":9},"end":{"line":24,"column":2}},"line":19},"3":{"name":"processImage","decl":{"start":{"line":26,"column":15},"end":{"line":36,"column":2}},"loc":{"start":{"line":26,"column":15},"end":{"line":36,"column":2}},"line":26},"4":{"name":"saveContentIntoFile","decl":{"start":{"line":38,"column":15},"end":{"line":48,"column":2}},"loc":{"start":{"line":38,"column":15},"end":{"line":48,"column":2}},"line":38}},"f":{"0":6,"1":6,"2":6,"3":5,"4":3}}
,"C:\\Users\\LENOVO\\Documents\\GitHub\\image-processor\\src\\errors\\invalidImageException.ts": {"path":"C:\\Users\\LENOVO\\Documents\\GitHub\\image-processor\\src\\errors\\invalidImageException.ts","all":false,"statementMap":{"0":{"start":{"line":1,"column":0},"end":{"line":1,"column":50}},"1":{"start":{"line":2,"column":0},"end":{"line":2,"column":68}},"2":{"start":{"line":3,"column":0},"end":{"line":3,"column":16}},"3":{"start":{"line":4,"column":0},"end":{"line":4,"column":35}},"4":{"start":{"line":5,"column":0},"end":{"line":5,"column":2}},"5":{"start":{"line":6,"column":0},"end":{"line":6,"column":1}}},"s":{"0":1,"1":1,"2":2,"3":2,"4":2,"5":1},"branchMap":{"0":{"type":"branch","line":2,"loc":{"start":{"line":2,"column":1},"end":{"line":5,"column":2}},"locations":[{"start":{"line":2,"column":1},"end":{"line":5,"column":2}}]}},"b":{"0":[2]},"fnMap":{"0":{"name":"InvalidImageException","decl":{"start":{"line":2,"column":1},"end":{"line":5,"column":2}},"loc":{"start":{"line":2,"column":1},"end":{"line":5,"column":2}},"line":2}},"f":{"0":2}}
,"C:\\Users\\LENOVO\\Documents\\GitHub\\image-processor\\src\\errors\\processingErrorException.ts": {"path":"C:\\Users\\LENOVO\\Documents\\GitHub\\image-processor\\src\\errors\\processingErrorException.ts","all":false,"statementMap":{"0":{"start":{"line":1,"column":0},"end":{"line":1,"column":53}},"1":{"start":{"line":2,"column":0},"end":{"line":2,"column":68}},"2":{"start":{"line":3,"column":0},"end":{"line":3,"column":16}},"3":{"start":{"line":4,"column":0},"end":{"line":4,"column":35}},"4":{"start":{"line":5,"column":0},"end":{"line":5,"column":2}},"5":{"start":{"line":6,"column":0},"end":{"line":6,"column":1}}},"s":{"0":1,"1":1,"2":2,"3":2,"4":2,"5":1},"branchMap":{"0":{"type":"branch","line":2,"loc":{"start":{"line":2,"column":1},"end":{"line":5,"column":2}},"locations":[{"start":{"line":2,"column":1},"end":{"line":5,"column":2}}]}},"b":{"0":[2]},"fnMap":{"0":{"name":"ProcessingErrorException","decl":{"start":{"line":2,"column":1},"end":{"line":5,"column":2}},"loc":{"start":{"line":2,"column":1},"end":{"line":5,"column":2}},"line":2}},"f":{"0":2}}
,"C:\\Users\\LENOVO\\Documents\\GitHub\\image-processor\\src\\errors\\savingIntoFileErrorException.ts": {"path":"C:\\Users\\LENOVO\\Documents\\GitHub\\image-processor\\src\\errors\\savingIntoFileErrorException.ts","all":false,"statementMap":{"0":{"start":{"line":1,"column":0},"end":{"line":1,"column":57}},"1":{"start":{"line":2,"column":0},"end":{"line":2,"column":68}},"2":{"start":{"line":3,"column":0},"end":{"line":3,"column":16}},"3":{"start":{"line":4,"column":0},"end":{"line":4,"column":35}},"4":{"start":{"line":5,"column":0},"end":{"line":5,"column":2}},"5":{"start":{"line":6,"column":0},"end":{"line":6,"column":1}}},"s":{"0":1,"1":1,"2":2,"3":2,"4":2,"5":1},"branchMap":{"0":{"type":"branch","line":2,"loc":{"start":{"line":2,"column":1},"end":{"line":5,"column":2}},"locations":[{"start":{"line":2,"column":1},"end":{"line":5,"column":2}}]}},"b":{"0":[2]},"fnMap":{"0":{"name":"SavingIntoFileErrorException","decl":{"start":{"line":2,"column":1},"end":{"line":5,"column":2}},"loc":{"start":{"line":2,"column":1},"end":{"line":5,"column":2}},"line":2}},"f":{"0":2}}
,"C:\\Users\\LENOVO\\Documents\\GitHub\\image-processor\\src\\errors\\unknownError.ts": {"path":"C:\\Users\\LENOVO\\Documents\\GitHub\\image-processor\\src\\errors\\unknownError.ts","all":false,"statementMap":{"0":{"start":{"line":1,"column":0},"end":{"line":1,"column":41}},"1":{"start":{"line":2,"column":0},"end":{"line":2,"column":38}},"2":{"start":{"line":3,"column":0},"end":{"line":3,"column":16}},"3":{"start":{"line":4,"column":0},"end":{"line":4,"column":35}},"4":{"start":{"line":5,"column":0},"end":{"line":5,"column":2}},"5":{"start":{"line":6,"column":0},"end":{"line":6,"column":1}}},"s":{"0":1,"1":1,"2":4,"3":4,"4":4,"5":1},"branchMap":{"0":{"type":"branch","line":2,"loc":{"start":{"line":2,"column":1},"end":{"line":5,"column":2}},"locations":[{"start":{"line":2,"column":1},"end":{"line":5,"column":2}}]}},"b":{"0":[4]},"fnMap":{"0":{"name":"UnknownError","decl":{"start":{"line":2,"column":1},"end":{"line":5,"column":2}},"loc":{"start":{"line":2,"column":1},"end":{"line":5,"column":2}},"line":2}},"f":{"0":4}}
}
