TN:
SF:src\imageProcessor.ts
FN:9,ImageProcessor
FN:13,processAndSaveImage
FN:19,validateImage
FN:26,processImage
FN:38,saveContentIntoFile
FNF:5
FNH:5
FNDA:6,ImageProcessor
FNDA:6,processAndSaveImage
FNDA:6,validateImage
FNDA:5,processImage
FNDA:3,saveContentIntoFile
DA:1,1
DA:2,1
DA:3,1
DA:4,1
DA:5,1
DA:6,1
DA:7,1
DA:8,1
DA:9,1
DA:10,6
DA:11,6
DA:12,6
DA:13,1
DA:14,6
DA:15,6
DA:16,3
DA:17,1
DA:18,1
DA:19,1
DA:20,6
DA:21,6
DA:22,1
DA:23,1
DA:24,6
DA:25,1
DA:26,1
DA:27,5
DA:28,5
DA:29,5
DA:30,2
DA:31,1
DA:32,1
DA:33,1
DA:34,1
DA:35,2
DA:36,5
DA:37,1
DA:38,1
DA:39,3
DA:40,3
DA:41,3
DA:42,2
DA:43,1
DA:44,1
DA:45,1
DA:46,1
DA:47,2
DA:48,3
DA:49,1
LF:49
LH:49
BRDA:9,0,0,6
BRDA:13,1,0,6
BRDA:16,2,0,3
BRDA:17,3,0,1
BRDA:19,4,0,6
BRDA:21,5,0,1
BRDA:26,6,0,5
BRDA:29,7,0,2
BRDA:30,8,0,1
BRDA:38,9,0,3
BRDA:41,10,0,1
BRDA:41,11,0,2
BRDA:42,12,0,1
BRF:13
BRH:13
end_of_record
TN:
SF:src\errors\invalidImageException.ts
FN:2,InvalidImageException
FNF:1
FNH:1
FNDA:2,InvalidImageException
DA:1,1
DA:2,1
DA:3,2
DA:4,2
DA:5,2
DA:6,1
LF:6
LH:6
BRDA:2,0,0,2
BRF:1
BRH:1
end_of_record
TN:
SF:src\errors\processingErrorException.ts
FN:2,ProcessingErrorException
FNF:1
FNH:1
FNDA:2,ProcessingErrorException
DA:1,1
DA:2,1
DA:3,2
DA:4,2
DA:5,2
DA:6,1
LF:6
LH:6
BRDA:2,0,0,2
BRF:1
BRH:1
end_of_record
TN:
SF:src\errors\savingIntoFileErrorException.ts
FN:2,SavingIntoFileErrorException
FNF:1
FNH:1
FNDA:2,SavingIntoFileErrorException
DA:1,1
DA:2,1
DA:3,2
DA:4,2
DA:5,2
DA:6,1
LF:6
LH:6
BRDA:2,0,0,2
BRF:1
BRH:1
end_of_record
TN:
SF:src\errors\unknownError.ts
FN:2,UnknownError
FNF:1
FNH:1
FNDA:4,UnknownError
DA:1,1
DA:2,1
DA:3,4
DA:4,4
DA:5,4
DA:6,1
LF:6
LH:6
BRDA:2,0,0,4
BRF:1
BRH:1
end_of_record
