TN:
SF:src\imageProcessor.ts
FN:10,ImageProcessor
FN:15,processAndSaveImage
FN:21,validateImage
FN:30,processImage
FN:46,saveContentIntoFile
FNF:5
FNH:5
FNDA:6,ImageProcessor
FNDA:6,processAndSaveImage
FNDA:6,validateImage
FNDA:5,processImage
FNDA:3,saveContentIntoFile
DA:1,1
DA:2,1
DA:3,1
DA:4,1
DA:5,1
DA:6,1
DA:7,1
DA:8,1
DA:9,1
DA:10,1
DA:11,6
DA:12,6
DA:13,6
DA:14,6
DA:15,1
DA:16,6
DA:17,6
DA:18,3
DA:19,1
DA:20,1
DA:21,1
DA:22,6
DA:23,6
DA:24,1
DA:25,1
DA:26,1
DA:27,1
DA:28,6
DA:29,1
DA:30,1
DA:31,5
DA:32,5
DA:33,5
DA:34,2
DA:35,1
DA:36,1
DA:37,1
DA:38,1
DA:39,1
DA:40,1
DA:41,1
DA:42,1
DA:43,2
DA:44,5
DA:45,1
DA:46,1
DA:47,3
DA:48,3
DA:49,3
DA:50,2
DA:51,1
DA:52,1
DA:53,1
DA:54,1
DA:55,1
DA:56,1
DA:57,1
DA:58,1
DA:59,2
DA:60,3
DA:61,1
LF:61
LH:61
BRDA:10,0,0,6
BRDA:15,1,0,6
BRDA:18,2,0,3
BRDA:19,3,0,1
BRDA:21,4,0,6
BRDA:23,5,0,1
BRDA:30,6,0,5
BRDA:33,7,0,2
BRDA:34,8,0,1
BRDA:46,9,0,3
BRDA:49,10,0,1
BRDA:49,11,0,2
BRDA:50,12,0,1
BRF:13
BRH:13
end_of_record
TN:
SF:src\errors\invalidImageException.ts
FN:2,InvalidImageException
FNF:1
FNH:1
FNDA:2,InvalidImageException
DA:1,1
DA:2,1
DA:3,2
DA:4,2
DA:5,2
DA:6,1
LF:6
LH:6
BRDA:2,0,0,2
BRF:1
BRH:1
end_of_record
TN:
SF:src\errors\processingErrorException.ts
FN:2,ProcessingErrorException
FNF:1
FNH:1
FNDA:2,ProcessingErrorException
DA:1,1
DA:2,1
DA:3,2
DA:4,2
DA:5,2
DA:6,1
LF:6
LH:6
BRDA:2,0,0,2
BRF:1
BRH:1
end_of_record
TN:
SF:src\errors\savingIntoFileErrorException.ts
FN:2,SavingIntoFileErrorException
FNF:1
FNH:1
FNDA:2,SavingIntoFileErrorException
DA:1,1
DA:2,1
DA:3,2
DA:4,2
DA:5,2
DA:6,1
LF:6
LH:6
BRDA:2,0,0,2
BRF:1
BRH:1
end_of_record
TN:
SF:src\errors\unknownError.ts
FN:2,UnknownError
FNF:1
FNH:1
FNDA:4,UnknownError
DA:1,1
DA:2,1
DA:3,4
DA:4,4
DA:5,4
DA:6,1
LF:6
LH:6
BRDA:2,0,0,4
BRF:1
BRH:1
end_of_record
